<?xml version="1.0" encoding="UTF-8"?>
<robot generator="Robot 7.0.1 (Python 3.12.5 on win32)" generated="2024-08-15T11:10:07.937462" rpa="false" schemaversion="5">
<suite id="s1" name="Channel Configuration" source="C:\Users\Admin\OneDrive - Kiatnakin Phatra Bank Public Company Limited\Desktop\TEST SLG AUTOMATE\Automate-Test-SLG\test_cases\channel\channel_configuration.robot">
<test id="s1-t1" name="TC_001:TEST12" line="12">
<kw name="Open Browser To URL" owner="common_keywords">
<kw name="Open Browser" owner="SeleniumLibrary">
<msg time="2024-08-15T11:10:08.136944" level="INFO">Opening browser 'Chrome' to base url 'http://localhost:3000/config/ChannelList'.</msg>
<arg>${url}</arg>
<arg>${browser}</arg>
<doc>Opens a new browser instance to the optional ``url``.</doc>
<status status="PASS" start="2024-08-15T11:10:08.135884" elapsed="3.337869"/>
</kw>
<kw name="Maximize Browser Window" owner="SeleniumLibrary">
<doc>Maximizes current browser window.</doc>
<status status="PASS" start="2024-08-15T11:10:11.473753" elapsed="0.235735"/>
</kw>
<kw name="Sleep" owner="BuiltIn">
<msg time="2024-08-15T11:10:16.709687" level="INFO">Slept 5 seconds.</msg>
<arg>5s</arg>
<doc>Pauses the test executed for the given time.</doc>
<status status="PASS" start="2024-08-15T11:10:11.709488" elapsed="5.000199"/>
</kw>
<arg>${CHANNEL_CONFIGURATION_URL}</arg>
<arg>${BASE_BROWSER}</arg>
<status status="PASS" start="2024-08-15T11:10:08.135884" elapsed="8.573803"/>
</kw>
<kw name="Click Button Add" owner="common_keywords">
<kw name="Click Element" owner="SeleniumLibrary">
<msg time="2024-08-15T11:10:16.711211" level="INFO">Clicking element '//div[@class="MuiBox-root css-70qvj9"]'.</msg>
<arg>${Button_Add_ConfigurationGroup}</arg>
<doc>Click the element identified by ``locator``.</doc>
<status status="PASS" start="2024-08-15T11:10:16.710200" elapsed="0.229116"/>
</kw>
<kw name="Sleep" owner="BuiltIn">
<msg time="2024-08-15T11:10:17.939455" level="INFO">Slept 1 second.</msg>
<arg>1s</arg>
<doc>Pauses the test executed for the given time.</doc>
<status status="PASS" start="2024-08-15T11:10:16.939316" elapsed="1.000139"/>
</kw>
<status status="PASS" start="2024-08-15T11:10:16.710200" elapsed="1.229255"/>
</kw>
<kw name="Auto Input Data" owner="common_keywords">
<for flavor="IN">
<iter>
<kw name="Run Keyword If" owner="BuiltIn">
<kw name="Wait Until Keyword Succeeds" owner="BuiltIn">
<kw name="Input Text" owner="SeleniumLibrary">
<msg time="2024-08-15T11:10:17.942466" level="INFO">Typing text 'ssss' into text field 'name=channel_name'.</msg>
<arg>name=${key}</arg>
<arg>${value}</arg>
<doc>Types the given ``text`` into the text field identified by ``locator``.</doc>
<status status="PASS" start="2024-08-15T11:10:17.941465" elapsed="0.278802"/>
</kw>
<arg>5x</arg>
<arg>5s</arg>
<arg>INPUT TEXT</arg>
<arg>name=${key}</arg>
<arg>${value}</arg>
<doc>Runs the specified keyword and retries if it fails.</doc>
<status status="PASS" start="2024-08-15T11:10:17.941465" elapsed="0.278802"/>
</kw>
<arg>'${key}' in '${choose_key}'</arg>
<arg>Wait Until Keyword Succeeds</arg>
<arg>5x</arg>
<arg>5s</arg>
<arg>INPUT TEXT</arg>
<arg>name=${key}</arg>
<arg>${value}</arg>
<doc>Runs the given keyword with the given arguments, if ``condition`` is true.</doc>
<status status="PASS" start="2024-08-15T11:10:17.941465" elapsed="0.278802"/>
</kw>
<var name="${key}">channel_name</var>
<var name="${value}">ssss</var>
<status status="PASS" start="2024-08-15T11:10:17.940467" elapsed="0.279800"/>
</iter>
<iter>
<kw name="Run Keyword If" owner="BuiltIn">
<arg>'${key}' in '${choose_key}'</arg>
<arg>Wait Until Keyword Succeeds</arg>
<arg>5x</arg>
<arg>5s</arg>
<arg>INPUT TEXT</arg>
<arg>name=${key}</arg>
<arg>${value}</arg>
<doc>Runs the given keyword with the given arguments, if ``condition`` is true.</doc>
<status status="PASS" start="2024-08-15T11:10:18.220267" elapsed="0.000999"/>
</kw>
<var name="${key}">channel_file_type</var>
<var name="${value}">txt</var>
<status status="PASS" start="2024-08-15T11:10:18.220267" elapsed="0.000999"/>
</iter>
<iter>
<kw name="Run Keyword If" owner="BuiltIn">
<kw name="Wait Until Keyword Succeeds" owner="BuiltIn">
<kw name="Input Text" owner="SeleniumLibrary">
<msg time="2024-08-15T11:10:18.222291" level="INFO">Typing text 'aaaasss' into text field 'name=channel_delimiter'.</msg>
<arg>name=${key}</arg>
<arg>${value}</arg>
<doc>Types the given ``text`` into the text field identified by ``locator``.</doc>
<status status="PASS" start="2024-08-15T11:10:18.222291" elapsed="0.247904"/>
</kw>
<arg>5x</arg>
<arg>5s</arg>
<arg>INPUT TEXT</arg>
<arg>name=${key}</arg>
<arg>${value}</arg>
<doc>Runs the specified keyword and retries if it fails.</doc>
<status status="PASS" start="2024-08-15T11:10:18.222291" elapsed="0.247904"/>
</kw>
<arg>'${key}' in '${choose_key}'</arg>
<arg>Wait Until Keyword Succeeds</arg>
<arg>5x</arg>
<arg>5s</arg>
<arg>INPUT TEXT</arg>
<arg>name=${key}</arg>
<arg>${value}</arg>
<doc>Runs the given keyword with the given arguments, if ``condition`` is true.</doc>
<status status="PASS" start="2024-08-15T11:10:18.222291" elapsed="0.248908"/>
</kw>
<var name="${key}">channel_delimiter</var>
<var name="${value}">aaaasss</var>
<status status="PASS" start="2024-08-15T11:10:18.221266" elapsed="0.249933"/>
</iter>
<iter>
<kw name="Run Keyword If" owner="BuiltIn">
<kw name="Wait Until Keyword Succeeds" owner="BuiltIn">
<kw name="Input Text" owner="SeleniumLibrary">
<msg time="2024-08-15T11:10:18.474184" level="INFO">Typing text 'aaaaa' into text field 'name=channel_label'.</msg>
<arg>name=${key}</arg>
<arg>${value}</arg>
<doc>Types the given ``text`` into the text field identified by ``locator``.</doc>
<status status="PASS" start="2024-08-15T11:10:18.473186" elapsed="0.248821"/>
</kw>
<arg>5x</arg>
<arg>5s</arg>
<arg>INPUT TEXT</arg>
<arg>name=${key}</arg>
<arg>${value}</arg>
<doc>Runs the specified keyword and retries if it fails.</doc>
<status status="PASS" start="2024-08-15T11:10:18.473186" elapsed="0.248821"/>
</kw>
<arg>'${key}' in '${choose_key}'</arg>
<arg>Wait Until Keyword Succeeds</arg>
<arg>5x</arg>
<arg>5s</arg>
<arg>INPUT TEXT</arg>
<arg>name=${key}</arg>
<arg>${value}</arg>
<doc>Runs the given keyword with the given arguments, if ``condition`` is true.</doc>
<status status="PASS" start="2024-08-15T11:10:18.472197" elapsed="0.250839"/>
</kw>
<var name="${key}">channel_label</var>
<var name="${value}">aaaaa</var>
<status status="PASS" start="2024-08-15T11:10:18.472197" elapsed="0.250839"/>
</iter>
<iter>
<kw name="Run Keyword If" owner="BuiltIn">
<kw name="Wait Until Keyword Succeeds" owner="BuiltIn">
<kw name="Input Text" owner="SeleniumLibrary">
<msg time="2024-08-15T11:10:18.725023" level="INFO">Typing text 'sddsd' into text field 'name=channel_file_name_format'.</msg>
<arg>name=${key}</arg>
<arg>${value}</arg>
<doc>Types the given ``text`` into the text field identified by ``locator``.</doc>
<status status="PASS" start="2024-08-15T11:10:18.725023" elapsed="0.268505"/>
</kw>
<arg>5x</arg>
<arg>5s</arg>
<arg>INPUT TEXT</arg>
<arg>name=${key}</arg>
<arg>${value}</arg>
<doc>Runs the specified keyword and retries if it fails.</doc>
<status status="PASS" start="2024-08-15T11:10:18.724022" elapsed="0.269506"/>
</kw>
<arg>'${key}' in '${choose_key}'</arg>
<arg>Wait Until Keyword Succeeds</arg>
<arg>5x</arg>
<arg>5s</arg>
<arg>INPUT TEXT</arg>
<arg>name=${key}</arg>
<arg>${value}</arg>
<doc>Runs the given keyword with the given arguments, if ``condition`` is true.</doc>
<status status="PASS" start="2024-08-15T11:10:18.723036" elapsed="0.271489"/>
</kw>
<var name="${key}">channel_file_name_format</var>
<var name="${value}">sddsd</var>
<status status="PASS" start="2024-08-15T11:10:18.723036" elapsed="0.271489"/>
</iter>
<iter>
<kw name="Run Keyword If" owner="BuiltIn">
<kw name="Wait Until Keyword Succeeds" owner="BuiltIn">
<kw name="Input Text" owner="SeleniumLibrary">
<msg time="2024-08-15T11:10:18.997534" level="INFO">Typing text 'ggggg' into text field 'name=channel_format'.</msg>
<arg>name=${key}</arg>
<arg>${value}</arg>
<doc>Types the given ``text`` into the text field identified by ``locator``.</doc>
<status status="PASS" start="2024-08-15T11:10:18.996529" elapsed="0.197729"/>
</kw>
<arg>5x</arg>
<arg>5s</arg>
<arg>INPUT TEXT</arg>
<arg>name=${key}</arg>
<arg>${value}</arg>
<doc>Runs the specified keyword and retries if it fails.</doc>
<status status="PASS" start="2024-08-15T11:10:18.995525" elapsed="0.198733"/>
</kw>
<arg>'${key}' in '${choose_key}'</arg>
<arg>Wait Until Keyword Succeeds</arg>
<arg>5x</arg>
<arg>5s</arg>
<arg>INPUT TEXT</arg>
<arg>name=${key}</arg>
<arg>${value}</arg>
<doc>Runs the given keyword with the given arguments, if ``condition`` is true.</doc>
<status status="PASS" start="2024-08-15T11:10:18.995525" elapsed="0.199718"/>
</kw>
<var name="${key}">channel_format</var>
<var name="${value}">ggggg</var>
<status status="PASS" start="2024-08-15T11:10:18.994525" elapsed="0.200718"/>
</iter>
<iter>
<kw name="Run Keyword If" owner="BuiltIn">
<kw name="Wait Until Keyword Succeeds" owner="BuiltIn">
<kw name="Input Text" owner="SeleniumLibrary">
<msg time="2024-08-15T11:10:19.198255" level="INFO">Typing text 'ddssd' into text field 'name=channel_temp_path'.</msg>
<arg>name=${key}</arg>
<arg>${value}</arg>
<doc>Types the given ``text`` into the text field identified by ``locator``.</doc>
<status status="PASS" start="2024-08-15T11:10:19.197254" elapsed="0.222093"/>
</kw>
<arg>5x</arg>
<arg>5s</arg>
<arg>INPUT TEXT</arg>
<arg>name=${key}</arg>
<arg>${value}</arg>
<doc>Runs the specified keyword and retries if it fails.</doc>
<status status="PASS" start="2024-08-15T11:10:19.197254" elapsed="0.222093"/>
</kw>
<arg>'${key}' in '${choose_key}'</arg>
<arg>Wait Until Keyword Succeeds</arg>
<arg>5x</arg>
<arg>5s</arg>
<arg>INPUT TEXT</arg>
<arg>name=${key}</arg>
<arg>${value}</arg>
<doc>Runs the given keyword with the given arguments, if ``condition`` is true.</doc>
<status status="PASS" start="2024-08-15T11:10:19.196253" elapsed="0.223094"/>
</kw>
<var name="${key}">channel_temp_path</var>
<var name="${value}">ddssd</var>
<status status="PASS" start="2024-08-15T11:10:19.195243" elapsed="0.224104"/>
</iter>
<iter>
<kw name="Run Keyword If" owner="BuiltIn">
<kw name="Wait Until Keyword Succeeds" owner="BuiltIn">
<kw name="Input Text" owner="SeleniumLibrary">
<msg time="2024-08-15T11:10:19.420337" level="INFO">Typing text 'dsxc' into text field 'name=channel_target_path'.</msg>
<arg>name=${key}</arg>
<arg>${value}</arg>
<doc>Types the given ``text`` into the text field identified by ``locator``.</doc>
<status status="PASS" start="2024-08-15T11:10:19.420337" elapsed="0.166977"/>
</kw>
<arg>5x</arg>
<arg>5s</arg>
<arg>INPUT TEXT</arg>
<arg>name=${key}</arg>
<arg>${value}</arg>
<doc>Runs the specified keyword and retries if it fails.</doc>
<status status="PASS" start="2024-08-15T11:10:19.419347" elapsed="0.167967"/>
</kw>
<arg>'${key}' in '${choose_key}'</arg>
<arg>Wait Until Keyword Succeeds</arg>
<arg>5x</arg>
<arg>5s</arg>
<arg>INPUT TEXT</arg>
<arg>name=${key}</arg>
<arg>${value}</arg>
<doc>Runs the given keyword with the given arguments, if ``condition`` is true.</doc>
<status status="PASS" start="2024-08-15T11:10:19.419347" elapsed="0.168961"/>
</kw>
<var name="${key}">channel_target_path</var>
<var name="${value}">dsxc</var>
<status status="PASS" start="2024-08-15T11:10:19.419347" elapsed="0.168961"/>
</iter>
<iter>
<kw name="Run Keyword If" owner="BuiltIn">
<kw name="Wait Until Keyword Succeeds" owner="BuiltIn">
<kw name="Input Text" owner="SeleniumLibrary">
<msg time="2024-08-15T11:10:19.590761" level="INFO">Typing text 'sdadssa' into text field 'name=channel_host'.</msg>
<arg>name=${key}</arg>
<arg>${value}</arg>
<doc>Types the given ``text`` into the text field identified by ``locator``.</doc>
<status status="PASS" start="2024-08-15T11:10:19.590761" elapsed="0.226808"/>
</kw>
<arg>5x</arg>
<arg>5s</arg>
<arg>INPUT TEXT</arg>
<arg>name=${key}</arg>
<arg>${value}</arg>
<doc>Runs the specified keyword and retries if it fails.</doc>
<status status="PASS" start="2024-08-15T11:10:19.590761" elapsed="0.226808"/>
</kw>
<arg>'${key}' in '${choose_key}'</arg>
<arg>Wait Until Keyword Succeeds</arg>
<arg>5x</arg>
<arg>5s</arg>
<arg>INPUT TEXT</arg>
<arg>name=${key}</arg>
<arg>${value}</arg>
<doc>Runs the given keyword with the given arguments, if ``condition`` is true.</doc>
<status status="PASS" start="2024-08-15T11:10:19.589732" elapsed="0.227837"/>
</kw>
<var name="${key}">channel_host</var>
<var name="${value}">sdadssa</var>
<status status="PASS" start="2024-08-15T11:10:19.588308" elapsed="0.229261"/>
</iter>
<iter>
<kw name="Run Keyword If" owner="BuiltIn">
<kw name="Wait Until Keyword Succeeds" owner="BuiltIn">
<kw name="Input Text" owner="SeleniumLibrary">
<msg time="2024-08-15T11:10:19.819567" level="INFO">Typing text 'adssda' into text field 'name=channel_user'.</msg>
<arg>name=${key}</arg>
<arg>${value}</arg>
<doc>Types the given ``text`` into the text field identified by ``locator``.</doc>
<status status="PASS" start="2024-08-15T11:10:19.818568" elapsed="0.111486"/>
</kw>
<arg>5x</arg>
<arg>5s</arg>
<arg>INPUT TEXT</arg>
<arg>name=${key}</arg>
<arg>${value}</arg>
<doc>Runs the specified keyword and retries if it fails.</doc>
<status status="PASS" start="2024-08-15T11:10:19.818568" elapsed="0.111486"/>
</kw>
<arg>'${key}' in '${choose_key}'</arg>
<arg>Wait Until Keyword Succeeds</arg>
<arg>5x</arg>
<arg>5s</arg>
<arg>INPUT TEXT</arg>
<arg>name=${key}</arg>
<arg>${value}</arg>
<doc>Runs the given keyword with the given arguments, if ``condition`` is true.</doc>
<status status="PASS" start="2024-08-15T11:10:19.818568" elapsed="0.111486"/>
</kw>
<var name="${key}">channel_user</var>
<var name="${value}">adssda</var>
<status status="PASS" start="2024-08-15T11:10:19.817569" elapsed="0.113479"/>
</iter>
<iter>
<kw name="Run Keyword If" owner="BuiltIn">
<kw name="Wait Until Keyword Succeeds" owner="BuiltIn">
<kw name="Input Text" owner="SeleniumLibrary">
<msg time="2024-08-15T11:10:19.932050" level="INFO">Typing text 'sdadssa' into text field 'name=channel_pass'.</msg>
<arg>name=${key}</arg>
<arg>${value}</arg>
<doc>Types the given ``text`` into the text field identified by ``locator``.</doc>
<status status="PASS" start="2024-08-15T11:10:19.932050" elapsed="0.125641"/>
</kw>
<arg>5x</arg>
<arg>5s</arg>
<arg>INPUT TEXT</arg>
<arg>name=${key}</arg>
<arg>${value}</arg>
<doc>Runs the specified keyword and retries if it fails.</doc>
<status status="PASS" start="2024-08-15T11:10:19.931048" elapsed="0.126643"/>
</kw>
<arg>'${key}' in '${choose_key}'</arg>
<arg>Wait Until Keyword Succeeds</arg>
<arg>5x</arg>
<arg>5s</arg>
<arg>INPUT TEXT</arg>
<arg>name=${key}</arg>
<arg>${value}</arg>
<doc>Runs the given keyword with the given arguments, if ``condition`` is true.</doc>
<status status="PASS" start="2024-08-15T11:10:19.931048" elapsed="0.126643"/>
</kw>
<var name="${key}">channel_pass</var>
<var name="${value}">sdadssa</var>
<status status="PASS" start="2024-08-15T11:10:19.931048" elapsed="0.126643"/>
</iter>
<iter>
<kw name="Run Keyword If" owner="BuiltIn">
<kw name="Wait Until Keyword Succeeds" owner="BuiltIn">
<kw name="Input Text" owner="SeleniumLibrary">
<msg time="2024-08-15T11:10:20.059700" level="INFO">Typing text '002' into text field 'name=channel_port'.</msg>
<arg>name=${key}</arg>
<arg>${value}</arg>
<doc>Types the given ``text`` into the text field identified by ``locator``.</doc>
<status status="PASS" start="2024-08-15T11:10:20.059700" elapsed="0.111459"/>
</kw>
<arg>5x</arg>
<arg>5s</arg>
<arg>INPUT TEXT</arg>
<arg>name=${key}</arg>
<arg>${value}</arg>
<doc>Runs the specified keyword and retries if it fails.</doc>
<status status="PASS" start="2024-08-15T11:10:20.058690" elapsed="0.113473"/>
</kw>
<arg>'${key}' in '${choose_key}'</arg>
<arg>Wait Until Keyword Succeeds</arg>
<arg>5x</arg>
<arg>5s</arg>
<arg>INPUT TEXT</arg>
<arg>name=${key}</arg>
<arg>${value}</arg>
<doc>Runs the given keyword with the given arguments, if ``condition`` is true.</doc>
<status status="PASS" start="2024-08-15T11:10:20.058690" elapsed="0.113473"/>
</kw>
<var name="${key}">channel_port</var>
<var name="${value}">002</var>
<status status="PASS" start="2024-08-15T11:10:20.057691" elapsed="0.114472"/>
</iter>
<iter>
<kw name="Run Keyword If" owner="BuiltIn">
<arg>'${key}' in '${choose_key}'</arg>
<arg>Wait Until Keyword Succeeds</arg>
<arg>5x</arg>
<arg>5s</arg>
<arg>INPUT TEXT</arg>
<arg>name=${key}</arg>
<arg>${value}</arg>
<doc>Runs the given keyword with the given arguments, if ``condition`` is true.</doc>
<status status="PASS" start="2024-08-15T11:10:20.172163" elapsed="0.000998"/>
</kw>
<var name="${key}">is_active</var>
<var name="${value}">true</var>
<status status="PASS" start="2024-08-15T11:10:20.172163" elapsed="0.000998"/>
</iter>
<iter>
<kw name="Run Keyword If" owner="BuiltIn">
<arg>'${key}' in '${choose_key}'</arg>
<arg>Wait Until Keyword Succeeds</arg>
<arg>5x</arg>
<arg>5s</arg>
<arg>INPUT TEXT</arg>
<arg>name=${key}</arg>
<arg>${value}</arg>
<doc>Runs the given keyword with the given arguments, if ``condition`` is true.</doc>
<status status="PASS" start="2024-08-15T11:10:20.173161" elapsed="0.000999"/>
</kw>
<var name="${key}">is_header</var>
<var name="${value}">true</var>
<status status="PASS" start="2024-08-15T11:10:20.173161" elapsed="0.000999"/>
</iter>
<iter>
<kw name="Run Keyword If" owner="BuiltIn">
<arg>'${key}' in '${choose_key}'</arg>
<arg>Wait Until Keyword Succeeds</arg>
<arg>5x</arg>
<arg>5s</arg>
<arg>INPUT TEXT</arg>
<arg>name=${key}</arg>
<arg>${value}</arg>
<doc>Runs the given keyword with the given arguments, if ``condition`` is true.</doc>
<status status="PASS" start="2024-08-15T11:10:20.174160" elapsed="0.000998"/>
</kw>
<var name="${key}">is_teohong</var>
<var name="${value}">true</var>
<status status="PASS" start="2024-08-15T11:10:20.174160" elapsed="0.000998"/>
</iter>
<iter>
<kw name="Run Keyword If" owner="BuiltIn">
<arg>'${key}' in '${choose_key}'</arg>
<arg>Wait Until Keyword Succeeds</arg>
<arg>5x</arg>
<arg>5s</arg>
<arg>INPUT TEXT</arg>
<arg>name=${key}</arg>
<arg>${value}</arg>
<doc>Runs the given keyword with the given arguments, if ``condition`` is true.</doc>
<status status="PASS" start="2024-08-15T11:10:20.175158" elapsed="0.000000"/>
</kw>
<var name="${key}">result</var>
<var name="${value}">{'expeted_result': 'Duplicate channel label.'}</var>
<status status="PASS" start="2024-08-15T11:10:20.175158" elapsed="0.000000"/>
</iter>
<var>${key}</var>
<var>${value}</var>
<value>&amp;{data}</value>
<status status="PASS" start="2024-08-15T11:10:17.940467" elapsed="2.234691"/>
</for>
<arg>${TC_001}</arg>
<arg>channel_name,channel_delimiter,channel_label,channel_file_name_format,channel_format,channel_temp_path,channel_target_path,channel_host,channel_user,channel_pass,channel_port</arg>
<status status="PASS" start="2024-08-15T11:10:17.940467" elapsed="2.235692"/>
</kw>
<kw name="Sleep" owner="BuiltIn">
<msg time="2024-08-15T11:10:25.176679" level="INFO">Slept 5 seconds.</msg>
<arg>5s</arg>
<doc>Pauses the test executed for the given time.</doc>
<status status="PASS" start="2024-08-15T11:10:20.176159" elapsed="5.000520"/>
</kw>
<status status="PASS" start="2024-08-15T11:10:08.135884" elapsed="17.041812"/>
</test>
<status status="PASS" start="2024-08-15T11:10:07.939462" elapsed="17.240248"/>
</suite>
<statistics>
<total>
<stat pass="1" fail="0" skip="0">All Tests</stat>
</total>
<tag>
</tag>
<suite>
<stat pass="1" fail="0" skip="0" id="s1" name="Channel Configuration">Channel Configuration</stat>
</suite>
</statistics>
<errors>
</errors>
</robot>
